{
  "stats": {
    "suites": 1,
    "tests": 2,
    "passes": 0,
    "pending": 0,
    "failures": 2,
    "start": "2021-08-07T22:07:45.609Z",
    "end": "2021-08-07T22:08:29.668Z",
    "duration": 44059,
    "testsRegistered": 2,
    "passPercent": 0,
    "pendingPercent": 0,
    "other": 0,
    "hasOther": false,
    "skipped": 0,
    "hasSkipped": false
  },
  "results": [
    {
      "uuid": "81dd931d-aa1c-413f-bc84-0f3f65a153e3",
      "title": "",
      "fullFile": "cypress/integration/cucumber/login.feature",
      "file": "cypress/integration/cucumber/login.feature",
      "beforeHooks": [],
      "afterHooks": [],
      "tests": [],
      "suites": [
        {
          "uuid": "ba773009-4cf0-4c86-89c3-b16107d7d248",
          "title": "User Login",
          "fullFile": "",
          "file": "",
          "beforeHooks": [],
          "afterHooks": [],
          "tests": [
            {
              "title": "Login with valid credentials",
              "fullTitle": "User Login Login with valid credentials",
              "timedOut": null,
              "duration": 10357,
              "state": "failed",
              "speed": null,
              "pass": false,
              "fail": true,
              "pending": false,
              "context": null,
              "code": "const state = window.testState;\nreturn cy\n  .then(() => state.onStartScenario(scenario, indexedSteps))\n  .then(() =>\n    resolveAndRunBeforeHooks.call(this, scenario.tags, state.feature.name)\n  )\n  .then(() =>\n    indexedSteps.forEach((step) =>\n      stepTest.call(this, state, step, rowData)\n    )\n  )\n  .then(() => state.onFinishScenario(scenario));",
              "err": {
                "message": "AssertionError: Timed out retrying after 8000ms: Expected to find element: `li a[href=\"/login\"]`, but never found it.",
                "estack": "AssertionError: Timed out retrying after 8000ms: Expected to find element: `li a[href=\"/login\"]`, but never found it.\n    at LandingPage.getFormAuthenticationLink (https://rahulshettyacademy.com/__cypress/tests?p=cypress/integration/cucumber/login.feature:120:17)\n    at Context.eval (https://rahulshettyacademy.com/__cypress/tests?p=cypress/integration/cucumber/login.feature:52:15)\n    at Context.resolveAndRunStepDefinition (https://rahulshettyacademy.com/__cypress/tests?p=cypress/integration/cucumber/login.feature:10629:9)\n    at Context.eval (https://rahulshettyacademy.com/__cypress/tests?p=cypress/integration/cucumber/login.feature:9947:35)",
                "diff": null
              },
              "uuid": "6d2a7633-0f8f-4bce-9e40-94bab368bfe2",
              "parentUUID": "ba773009-4cf0-4c86-89c3-b16107d7d248",
              "isHook": false,
              "skipped": false
            },
            {
              "title": "Login with invalid credentials",
              "fullTitle": "User Login Login with invalid credentials",
              "timedOut": null,
              "duration": 10228,
              "state": "failed",
              "speed": null,
              "pass": false,
              "fail": true,
              "pending": false,
              "context": null,
              "code": "const state = window.testState;\nreturn cy\n  .then(() => state.onStartScenario(scenario, indexedSteps))\n  .then(() =>\n    resolveAndRunBeforeHooks.call(this, scenario.tags, state.feature.name)\n  )\n  .then(() =>\n    indexedSteps.forEach((step) =>\n      stepTest.call(this, state, step, rowData)\n    )\n  )\n  .then(() => state.onFinishScenario(scenario));",
              "err": {
                "message": "AssertionError: Timed out retrying after 8000ms: Expected to find element: `li a[href=\"/login\"]`, but never found it.",
                "estack": "AssertionError: Timed out retrying after 8000ms: Expected to find element: `li a[href=\"/login\"]`, but never found it.\n    at LandingPage.getFormAuthenticationLink (https://rahulshettyacademy.com/__cypress/tests?p=cypress/integration/cucumber/login.feature:120:17)\n    at Context.eval (https://rahulshettyacademy.com/__cypress/tests?p=cypress/integration/cucumber/login.feature:52:15)\n    at Context.resolveAndRunStepDefinition (https://rahulshettyacademy.com/__cypress/tests?p=cypress/integration/cucumber/login.feature:10629:9)\n    at Context.eval (https://rahulshettyacademy.com/__cypress/tests?p=cypress/integration/cucumber/login.feature:9947:35)",
                "diff": null
              },
              "uuid": "70ce1211-fe8e-4e22-9241-5aecd892fb22",
              "parentUUID": "ba773009-4cf0-4c86-89c3-b16107d7d248",
              "isHook": false,
              "skipped": false
            }
          ],
          "suites": [],
          "passes": [],
          "failures": [
            "6d2a7633-0f8f-4bce-9e40-94bab368bfe2",
            "70ce1211-fe8e-4e22-9241-5aecd892fb22"
          ],
          "pending": [],
          "skipped": [],
          "duration": 20585,
          "root": false,
          "rootEmpty": false,
          "_timeout": 2000
        }
      ],
      "passes": [],
      "failures": [],
      "pending": [],
      "skipped": [],
      "duration": 0,
      "root": true,
      "rootEmpty": true,
      "_timeout": 2000
    }
  ],
  "meta": {
    "mocha": {
      "version": "7.0.1"
    },
    "mochawesome": {
      "options": {
        "quiet": false,
        "reportFilename": "mochawesome",
        "saveHtml": true,
        "saveJson": true,
        "consoleReporter": "spec",
        "useInlineDiffs": false,
        "code": true
      },
      "version": "6.2.2"
    },
    "marge": {
      "options": null,
      "version": "5.2.0"
    }
  }
}